Base path: 'D:/Progz/Unity/Editors/2020.3.6f1/Editor/Data', plugins path 'D:/Progz/Unity/Editors/2020.3.6f1/Editor/Data/PlaybackEngines'
Cmd: initializeCompiler

Cmd: compileComputeKernel
  insize=972 file=D:/Projekty/000_Shaders/CellWorld - GPU_Cellular_Automata/Assets/Scripts/Shaders/CellChunkShader.compute kernel=DrawChunk cachingPP=1 ppOnly=0 stripLineD=0 buildPlatform=5 km=<;=1>,<UNITY_VERSION=202036> pKW=UNITY_ENABLE_REFLECTION_BUFFERS UNITY_USE_DITHER_MASK_FOR_ALPHABLENDED_SHADOWS UNITY_PBS_USE_BRDF1 UNITY_SPECCUBE_BOX_PROJECTION UNITY_SPECCUBE_BLENDING UNITY_ENABLE_DETAIL_NORMALMAP SHADER_API_DESKTOP UNITY_LIGHT_PROBE_PROXY_VOLUME UNITY_LIGHTMAP_RGBM_ENCODING uKW=SHADER_STAGE_COMPUTE platform=d3d11 flags=0  error: 2 plat 4 at CellChunkShader.compute(20): undeclared identifier 'width'
 ok=0 outsize=0

Cmd: compileComputeKernel
  insize=978 file=D:/Projekty/000_Shaders/CellWorld - GPU_Cellular_Automata/Assets/Scripts/Shaders/CellChunkShader.compute kernel=OneStep cachingPP=1 ppOnly=0 stripLineD=0 buildPlatform=5 km=<;=1>,<UNITY_VERSION=202036> pKW=UNITY_ENABLE_REFLECTION_BUFFERS UNITY_USE_DITHER_MASK_FOR_ALPHABLENDED_SHADOWS UNITY_PBS_USE_BRDF1 UNITY_SPECCUBE_BOX_PROJECTION UNITY_SPECCUBE_BLENDING UNITY_ENABLE_DETAIL_NORMALMAP SHADER_API_DESKTOP UNITY_LIGHT_PROBE_PROXY_VOLUME UNITY_LIGHTMAP_RGBM_ENCODING uKW=SHADER_STAGE_COMPUTE platform=d3d11 flags=0  error: 2 plat 4 at CellChunkShader.compute(26): undeclared identifier 'cellChunkBuffer'
 ok=0 outsize=0

Cmd: compileComputeKernel
  insize=978 file=D:/Projekty/000_Shaders/CellWorld - GPU_Cellular_Automata/Assets/Scripts/Shaders/CellChunkShader.compute kernel=ClearData cachingPP=1 ppOnly=0 stripLineD=0 buildPlatform=5 km=<;=1>,<UNITY_VERSION=202036> pKW=UNITY_ENABLE_REFLECTION_BUFFERS UNITY_USE_DITHER_MASK_FOR_ALPHABLENDED_SHADOWS UNITY_PBS_USE_BRDF1 UNITY_SPECCUBE_BOX_PROJECTION UNITY_SPECCUBE_BLENDING UNITY_ENABLE_DETAIL_NORMALMAP SHADER_API_DESKTOP UNITY_LIGHT_PROBE_PROXY_VOLUME UNITY_LIGHTMAP_RGBM_ENCODING uKW=SHADER_STAGE_COMPUTE platform=d3d11 flags=0  error: 2 plat 4 at CellChunkShader.compute(26): undeclared identifier 'cellChunkBuffer'
 ok=0 outsize=0

Cmd: compileComputeKernel
  insize=980 file=D:/Projekty/000_Shaders/CellWorld - GPU_Cellular_Automata/Assets/Scripts/Shaders/CellChunkShader.compute kernel=OneStep cachingPP=1 ppOnly=0 stripLineD=0 buildPlatform=5 km=<;=1>,<UNITY_VERSION=202036> pKW=UNITY_ENABLE_REFLECTION_BUFFERS UNITY_USE_DITHER_MASK_FOR_ALPHABLENDED_SHADOWS UNITY_PBS_USE_BRDF1 UNITY_SPECCUBE_BOX_PROJECTION UNITY_SPECCUBE_BLENDING UNITY_ENABLE_DETAIL_NORMALMAP SHADER_API_DESKTOP UNITY_LIGHT_PROBE_PROXY_VOLUME UNITY_LIGHTMAP_RGBM_ENCODING uKW=SHADER_STAGE_COMPUTE platform=d3d11 flags=0 ok=1 outsize=531

Cmd: compileComputeKernel
  insize=1243 file=D:/Projekty/000_Shaders/CellWorld - GPU_Cellular_Automata/Assets/Scripts/Shaders/CellChunkShader.compute kernel=OneStep cachingPP=1 ppOnly=0 stripLineD=0 buildPlatform=5 km=<;=1>,<UNITY_VERSION=202036> pKW=UNITY_ENABLE_REFLECTION_BUFFERS UNITY_USE_DITHER_MASK_FOR_ALPHABLENDED_SHADOWS UNITY_PBS_USE_BRDF1 UNITY_SPECCUBE_BOX_PROJECTION UNITY_SPECCUBE_BLENDING UNITY_ENABLE_DETAIL_NORMALMAP SHADER_API_DESKTOP UNITY_LIGHT_PROBE_PROXY_VOLUME UNITY_LIGHTMAP_RGBM_ENCODING uKW=SHADER_STAGE_COMPUTE platform=d3d11 flags=0 ok=1 outsize=531

Cmd: compileComputeKernel
  insize=1240 file=D:/Projekty/000_Shaders/CellWorld - GPU_Cellular_Automata/Assets/Scripts/Shaders/CellChunkShader.compute kernel=OneStep cachingPP=1 ppOnly=0 stripLineD=0 buildPlatform=5 km=<;=1>,<UNITY_VERSION=202036> pKW=UNITY_ENABLE_REFLECTION_BUFFERS UNITY_USE_DITHER_MASK_FOR_ALPHABLENDED_SHADOWS UNITY_PBS_USE_BRDF1 UNITY_SPECCUBE_BOX_PROJECTION UNITY_SPECCUBE_BLENDING UNITY_ENABLE_DETAIL_NORMALMAP SHADER_API_DESKTOP UNITY_LIGHT_PROBE_PROXY_VOLUME UNITY_LIGHTMAP_RGBM_ENCODING uKW=SHADER_STAGE_COMPUTE platform=d3d11 flags=0 ok=1 outsize=531

Cmd: compileComputeKernel
  insize=1240 file=D:/Projekty/000_Shaders/CellWorld - GPU_Cellular_Automata/Assets/Scripts/Shaders/CellChunkShader.compute kernel=ClearData cachingPP=1 ppOnly=0 stripLineD=0 buildPlatform=5 km=<;=1>,<UNITY_VERSION=202036> pKW=UNITY_ENABLE_REFLECTION_BUFFERS UNITY_USE_DITHER_MASK_FOR_ALPHABLENDED_SHADOWS UNITY_PBS_USE_BRDF1 UNITY_SPECCUBE_BOX_PROJECTION UNITY_SPECCUBE_BLENDING UNITY_ENABLE_DETAIL_NORMALMAP SHADER_API_DESKTOP UNITY_LIGHT_PROBE_PROXY_VOLUME UNITY_LIGHTMAP_RGBM_ENCODING uKW=SHADER_STAGE_COMPUTE platform=d3d11 flags=0 ok=1 outsize=579

Cmd: compileComputeKernel
  insize=1240 file=D:/Projekty/000_Shaders/CellWorld - GPU_Cellular_Automata/Assets/Scripts/Shaders/CellChunkShader.compute kernel=DrawChunk cachingPP=1 ppOnly=0 stripLineD=0 buildPlatform=5 km=<;=1>,<UNITY_VERSION=202036> pKW=UNITY_ENABLE_REFLECTION_BUFFERS UNITY_USE_DITHER_MASK_FOR_ALPHABLENDED_SHADOWS UNITY_PBS_USE_BRDF1 UNITY_SPECCUBE_BOX_PROJECTION UNITY_SPECCUBE_BLENDING UNITY_ENABLE_DETAIL_NORMALMAP SHADER_API_DESKTOP UNITY_LIGHT_PROBE_PROXY_VOLUME UNITY_LIGHTMAP_RGBM_ENCODING uKW=SHADER_STAGE_COMPUTE platform=d3d11 flags=0 ok=1 outsize=533

Cmd: compileComputeKernel
  insize=1240 file=D:/Projekty/000_Shaders/CellWorld - GPU_Cellular_Automata/Assets/Scripts/Shaders/CellChunkShader.compute kernel=DrawChunk cachingPP=1 ppOnly=0 stripLineD=0 buildPlatform=5 km=<;=1>,<UNITY_VERSION=202036> pKW=UNITY_ENABLE_REFLECTION_BUFFERS UNITY_USE_DITHER_MASK_FOR_ALPHABLENDED_SHADOWS UNITY_PBS_USE_BRDF1 UNITY_SPECCUBE_BOX_PROJECTION UNITY_SPECCUBE_BLENDING UNITY_ENABLE_DETAIL_NORMALMAP SHADER_API_DESKTOP UNITY_LIGHT_PROBE_PROXY_VOLUME UNITY_LIGHTMAP_RGBM_ENCODING uKW=SHADER_STAGE_COMPUTE platform=d3d11 flags=0 ok=1 outsize=533

Cmd: compileComputeKernel
  insize=1240 file=D:/Projekty/000_Shaders/CellWorld - GPU_Cellular_Automata/Assets/Scripts/Shaders/CellChunkShader.compute kernel=ClearData cachingPP=1 ppOnly=0 stripLineD=0 buildPlatform=5 km=<;=1>,<UNITY_VERSION=202036> pKW=UNITY_ENABLE_REFLECTION_BUFFERS UNITY_USE_DITHER_MASK_FOR_ALPHABLENDED_SHADOWS UNITY_PBS_USE_BRDF1 UNITY_SPECCUBE_BOX_PROJECTION UNITY_SPECCUBE_BLENDING UNITY_ENABLE_DETAIL_NORMALMAP SHADER_API_DESKTOP UNITY_LIGHT_PROBE_PROXY_VOLUME UNITY_LIGHTMAP_RGBM_ENCODING uKW=SHADER_STAGE_COMPUTE platform=d3d11 flags=0 ok=1 outsize=579

Cmd: compileComputeKernel
  insize=1340 file=D:/Projekty/000_Shaders/CellWorld - GPU_Cellular_Automata/Assets/Scripts/Shaders/CellChunkShader.compute kernel=DrawChunk cachingPP=1 ppOnly=0 stripLineD=0 buildPlatform=5 km=<;=1>,<UNITY_VERSION=202036> pKW=UNITY_ENABLE_REFLECTION_BUFFERS UNITY_USE_DITHER_MASK_FOR_ALPHABLENDED_SHADOWS UNITY_PBS_USE_BRDF1 UNITY_SPECCUBE_BOX_PROJECTION UNITY_SPECCUBE_BLENDING UNITY_ENABLE_DETAIL_NORMALMAP SHADER_API_DESKTOP UNITY_LIGHT_PROBE_PROXY_VOLUME UNITY_LIGHTMAP_RGBM_ENCODING uKW=SHADER_STAGE_COMPUTE platform=d3d11 flags=0  error: 2 plat 4 at CellChunkShader.compute(42): if statement conditional expressions must evaluate to a scalar
 ok=0 outsize=0

Cmd: compileComputeKernel
  insize=1340 file=D:/Projekty/000_Shaders/CellWorld - GPU_Cellular_Automata/Assets/Scripts/Shaders/CellChunkShader.compute kernel=ClearData cachingPP=1 ppOnly=0 stripLineD=0 buildPlatform=5 km=<;=1>,<UNITY_VERSION=202036> pKW=UNITY_ENABLE_REFLECTION_BUFFERS UNITY_USE_DITHER_MASK_FOR_ALPHABLENDED_SHADOWS UNITY_PBS_USE_BRDF1 UNITY_SPECCUBE_BOX_PROJECTION UNITY_SPECCUBE_BLENDING UNITY_ENABLE_DETAIL_NORMALMAP SHADER_API_DESKTOP UNITY_LIGHT_PROBE_PROXY_VOLUME UNITY_LIGHTMAP_RGBM_ENCODING uKW=SHADER_STAGE_COMPUTE platform=d3d11 flags=0  error: 2 plat 4 at CellChunkShader.compute(42): if statement conditional expressions must evaluate to a scalar
 ok=0 outsize=0

Cmd: compileComputeKernel
  insize=1352 file=D:/Projekty/000_Shaders/CellWorld - GPU_Cellular_Automata/Assets/Scripts/Shaders/CellChunkShader.compute kernel=OneStep cachingPP=1 ppOnly=0 stripLineD=0 buildPlatform=5 km=<;=1>,<UNITY_VERSION=202036> pKW=UNITY_ENABLE_REFLECTION_BUFFERS UNITY_USE_DITHER_MASK_FOR_ALPHABLENDED_SHADOWS UNITY_PBS_USE_BRDF1 UNITY_SPECCUBE_BOX_PROJECTION UNITY_SPECCUBE_BLENDING UNITY_ENABLE_DETAIL_NORMALMAP SHADER_API_DESKTOP UNITY_LIGHT_PROBE_PROXY_VOLUME UNITY_LIGHTMAP_RGBM_ENCODING uKW=SHADER_STAGE_COMPUTE platform=d3d11 flags=0 ok=1 outsize=663

Cmd: compileComputeKernel
  insize=1352 file=D:/Projekty/000_Shaders/CellWorld - GPU_Cellular_Automata/Assets/Scripts/Shaders/CellChunkShader.compute kernel=DrawChunk cachingPP=1 ppOnly=0 stripLineD=0 buildPlatform=5 km=<;=1>,<UNITY_VERSION=202036> pKW=UNITY_ENABLE_REFLECTION_BUFFERS UNITY_USE_DITHER_MASK_FOR_ALPHABLENDED_SHADOWS UNITY_PBS_USE_BRDF1 UNITY_SPECCUBE_BOX_PROJECTION UNITY_SPECCUBE_BLENDING UNITY_ENABLE_DETAIL_NORMALMAP SHADER_API_DESKTOP UNITY_LIGHT_PROBE_PROXY_VOLUME UNITY_LIGHTMAP_RGBM_ENCODING uKW=SHADER_STAGE_COMPUTE platform=d3d11 flags=0 ok=1 outsize=533

Cmd: compileSnippet
  insize=2643 file=Packages/com.unity.render-pipelines.universal/Shaders/Universal Render Pipeline/Unlit pass=Unlit cachingPP=1 ppOnly=0 stripLineD=0 buildPlatform=5 rsLen=0 pKW=UNITY_ENABLE_REFLECTION_BUFFERS UNITY_USE_DITHER_MASK_FOR_ALPHABLENDED_SHADOWS UNITY_PBS_USE_BRDF1 UNITY_SPECCUBE_BOX_PROJECTION UNITY_SPECCUBE_BLENDING UNITY_ENABLE_DETAIL_NORMALMAP SHADER_API_DESKTOP UNITY_LIGHT_PROBE_PROXY_VOLUME UNITY_LIGHTMAP_RGBM_ENCODING uKW=FOG_EXP2 dKW=DOTS_INSTANCING_ON FOG_LINEAR FOG_EXP INSTANCING_ON UNITY_NO_DXT5nm UNITY_ENABLE_NATIVE_SHADOW_LOOKUPS UNITY_METAL_SHADOWS_USE_POINT_FILTERING UNITY_NO_SCREENSPACE_SHADOWS UNITY_PBS_USE_BRDF2 UNITY_PBS_USE_BRDF3 UNITY_NO_FULL_STANDARD_SHADER UNITY_HARDWARE_TIER1 UNITY_HARDWARE_TIER2 UNITY_HARDWARE_TIER3 UNITY_COLORSPACE_GAMMA UNITY_HALF_PRECISION_FRAGMENT_SHADER_REGISTERS UNITY_LIGHTMAP_DLDR_ENCODING UNITY_LIGHTMAP_FULL_HDR UNITY_VIRTUAL_TEXTURING UNITY_PRETRANSFORM_TO_DISPLAY_ORIENTATION UNITY_ASTC_NORMALMAP_ENCODING SHADER_API_GLES30 flags=0 lang=3 type=Vertex platform=d3d11 reqs=1101803 mask=6 start=39 ok=1 outsize=898

Cmd: compileComputeKernel
  insize=2002 file=D:/Projekty/000_Shaders/CellWorld - GPU_Cellular_Automata/Assets/Scripts/Shaders/CellChunkShader.compute kernel=OneStep cachingPP=1 ppOnly=0 stripLineD=0 buildPlatform=5 km=<;=1>,<UNITY_VERSION=202036> pKW=UNITY_ENABLE_REFLECTION_BUFFERS UNITY_USE_DITHER_MASK_FOR_ALPHABLENDED_SHADOWS UNITY_PBS_USE_BRDF1 UNITY_SPECCUBE_BOX_PROJECTION UNITY_SPECCUBE_BLENDING UNITY_ENABLE_DETAIL_NORMALMAP SHADER_API_DESKTOP UNITY_LIGHT_PROBE_PROXY_VOLUME UNITY_LIGHTMAP_RGBM_ENCODING uKW=SHADER_STAGE_COMPUTE platform=d3d11 flags=0  error: 2 plat 4 at CellChunkShader.compute(36): invalid subscript 'isMoved'
 ok=0 outsize=0


Cmd: compileComputeKernel
  insize=2002 file=D:/Projekty/000_Shaders/CellWorld - GPU_Cellular_Automata/Assets/Scripts/Shaders/CellChunkShader.compute kernel=DrawChunk cachingPP=1 ppOnly=0 stripLineD=0 buildPlatform=5 km=<;=1>,<UNITY_VERSION=202036> pKW=UNITY_ENABLE_REFLECTION_BUFFERS UNITY_USE_DITHER_MASK_FOR_ALPHABLENDED_SHADOWS UNITY_PBS_USE_BRDF1 UNITY_SPECCUBE_BOX_PROJECTION UNITY_SPECCUBE_BLENDING UNITY_ENABLE_DETAIL_NORMALMAP SHADER_API_DESKTOP UNITY_LIGHT_PROBE_PROXY_VOLUME UNITY_LIGHTMAP_RGBM_ENCODING uKW=SHADER_STAGE_COMPUTE platform=d3d11 flags=0  error: 2 plat 4 at CellChunkShader.compute(26): invalid subscript 'isAlive'
 ok=0 outsize=0

Cmd: compileComputeKernel
  insize=2100 file=D:/Projekty/000_Shaders/CellWorld - GPU_Cellular_Automata/Assets/Scripts/Shaders/CellChunkShader.compute kernel=OneStep cachingPP=1 ppOnly=0 stripLineD=0 buildPlatform=5 km=<;=1>,<UNITY_VERSION=202036> pKW=UNITY_ENABLE_REFLECTION_BUFFERS UNITY_USE_DITHER_MASK_FOR_ALPHABLENDED_SHADOWS UNITY_PBS_USE_BRDF1 UNITY_SPECCUBE_BOX_PROJECTION UNITY_SPECCUBE_BLENDING UNITY_ENABLE_DETAIL_NORMALMAP SHADER_API_DESKTOP UNITY_LIGHT_PROBE_PROXY_VOLUME UNITY_LIGHTMAP_RGBM_ENCODING uKW=SHADER_STAGE_COMPUTE platform=d3d11 flags=0  error: 2 plat 4 at CellChunkShader.compute(46): undeclared identifier 'SandBehavior'
 ok=0 outsize=0

Cmd: compileComputeKernel
  insize=2104 file=D:/Projekty/000_Shaders/CellWorld - GPU_Cellular_Automata/Assets/Scripts/Shaders/CellChunkShader.compute kernel=DrawChunk cachingPP=1 ppOnly=0 stripLineD=0 buildPlatform=5 km=<;=1>,<UNITY_VERSION=202036> pKW=UNITY_ENABLE_REFLECTION_BUFFERS UNITY_USE_DITHER_MASK_FOR_ALPHABLENDED_SHADOWS UNITY_PBS_USE_BRDF1 UNITY_SPECCUBE_BOX_PROJECTION UNITY_SPECCUBE_BLENDING UNITY_ENABLE_DETAIL_NORMALMAP SHADER_API_DESKTOP UNITY_LIGHT_PROBE_PROXY_VOLUME UNITY_LIGHTMAP_RGBM_ENCODING uKW=SHADER_STAGE_COMPUTE platform=d3d11 flags=0 ok=1 outsize=533

Cmd: compileComputeKernel
  insize=2399 file=D:/Projekty/000_Shaders/CellWorld - GPU_Cellular_Automata/Assets/Scripts/Shaders/CellChunkShader.compute kernel=DrawChunk cachingPP=1 ppOnly=0 stripLineD=0 buildPlatform=5 km=<;=1>,<UNITY_VERSION=202036> pKW=UNITY_ENABLE_REFLECTION_BUFFERS UNITY_USE_DITHER_MASK_FOR_ALPHABLENDED_SHADOWS UNITY_PBS_USE_BRDF1 UNITY_SPECCUBE_BOX_PROJECTION UNITY_SPECCUBE_BLENDING UNITY_ENABLE_DETAIL_NORMALMAP SHADER_API_DESKTOP UNITY_LIGHT_PROBE_PROXY_VOLUME UNITY_LIGHTMAP_RGBM_ENCODING uKW=SHADER_STAGE_COMPUTE platform=d3d11 flags=0 ok=1 outsize=805

Cmd: compileComputeKernel
  insize=2399 file=D:/Projekty/000_Shaders/CellWorld - GPU_Cellular_Automata/Assets/Scripts/Shaders/CellChunkShader.compute kernel=ClearData cachingPP=1 ppOnly=0 stripLineD=0 buildPlatform=5 km=<;=1>,<UNITY_VERSION=202036> pKW=UNITY_ENABLE_REFLECTION_BUFFERS UNITY_USE_DITHER_MASK_FOR_ALPHABLENDED_SHADOWS UNITY_PBS_USE_BRDF1 UNITY_SPECCUBE_BOX_PROJECTION UNITY_SPECCUBE_BLENDING UNITY_ENABLE_DETAIL_NORMALMAP SHADER_API_DESKTOP UNITY_LIGHT_PROBE_PROXY_VOLUME UNITY_LIGHTMAP_RGBM_ENCODING uKW=SHADER_STAGE_COMPUTE platform=d3d11 flags=0 ok=1 outsize=579

Cmd: shutdown
